android/app/build/intermediates/manifest_merge_blame_file/debug/processDebugMainManifest/manifest-merger-blame-debug-report.txt
1<?xml version="1.0" encoding="utf-8"?>
2<manifest xmlns:android="http://schemas.android.com/apk/res/android"
3    package="com.safeguard.app"
4    android:versionCode="1"
5    android:versionName="1.0" > <!-- Permissions -->
6    <uses-sdk
7        android:minSdkVersion="23"
8        android:targetSdkVersion="35" />
9
10    <uses-feature
10-->src\main\AndroidManifest.xml:4:5-6:36
11        android:name="android.hardware.camera"
11-->src\main\AndroidManifest.xml:5:9-47
12        android:required="false" />
12-->src\main\AndroidManifest.xml:6:9-33
13    <uses-feature
13-->src\main\AndroidManifest.xml:7:5-9:36
14        android:name="android.hardware.telephony"
14-->src\main\AndroidManifest.xml:8:9-50
15        android:required="false" />
15-->src\main\AndroidManifest.xml:9:9-33
16
17    <uses-permission android:name="android.permission.ACCESS_FINE_LOCATION" />
17-->src\main\AndroidManifest.xml:11:5-79
17-->src\main\AndroidManifest.xml:11:22-76
18    <uses-permission android:name="android.permission.ACCESS_COARSE_LOCATION" />
18-->src\main\AndroidManifest.xml:12:5-81
18-->src\main\AndroidManifest.xml:12:22-78
19    <uses-permission android:name="android.permission.ACCESS_BACKGROUND_LOCATION" />
19-->src\main\AndroidManifest.xml:13:5-85
19-->src\main\AndroidManifest.xml:13:22-82
20    <uses-permission android:name="android.permission.SEND_SMS" />
20-->src\main\AndroidManifest.xml:15:5-67
20-->src\main\AndroidManifest.xml:15:22-64
21    <uses-permission android:name="android.permission.CAMERA" />
21-->src\main\AndroidManifest.xml:17:5-65
21-->src\main\AndroidManifest.xml:17:22-62
22    <uses-permission android:name="android.permission.RECORD_AUDIO" />
22-->src\main\AndroidManifest.xml:18:5-71
22-->src\main\AndroidManifest.xml:18:22-68
23    <uses-permission android:name="android.permission.MODIFY_AUDIO_SETTINGS" />
23-->src\main\AndroidManifest.xml:19:5-80
23-->src\main\AndroidManifest.xml:19:22-77
24    <uses-permission
24-->src\main\AndroidManifest.xml:21:5-108
25        android:name="android.permission.WRITE_EXTERNAL_STORAGE"
25-->src\main\AndroidManifest.xml:21:22-78
26        android:maxSdkVersion="28" />
26-->src\main\AndroidManifest.xml:21:79-105
27    <uses-permission
27-->src\main\AndroidManifest.xml:22:5-107
28        android:name="android.permission.READ_EXTERNAL_STORAGE"
28-->src\main\AndroidManifest.xml:22:22-77
29        android:maxSdkVersion="28" />
29-->src\main\AndroidManifest.xml:22:78-104
30    <uses-permission android:name="android.permission.ACCESS_NETWORK_STATE" />
30-->src\main\AndroidManifest.xml:24:5-79
30-->src\main\AndroidManifest.xml:24:22-76
31    <uses-permission android:name="android.permission.INTERNET" />
31-->src\main\AndroidManifest.xml:25:5-67
31-->src\main\AndroidManifest.xml:25:22-64
32
33    <permission
33-->[androidx.core:core:1.15.0] AndroidManifest.xml:22:5-24:47
34        android:name="com.safeguard.app.DYNAMIC_RECEIVER_NOT_EXPORTED_PERMISSION"
34-->[androidx.core:core:1.15.0] AndroidManifest.xml:23:9-81
35        android:protectionLevel="signature" />
35-->[androidx.core:core:1.15.0] AndroidManifest.xml:24:9-44
36
37    <uses-permission android:name="com.safeguard.app.DYNAMIC_RECEIVER_NOT_EXPORTED_PERMISSION" />
37-->[androidx.core:core:1.15.0] AndroidManifest.xml:26:5-97
37-->[androidx.core:core:1.15.0] AndroidManifest.xml:26:22-94
38
39    <application
39-->src\main\AndroidManifest.xml:26:5-58:19
40        android:allowBackup="true"
40-->src\main\AndroidManifest.xml:27:9-35
41        android:appComponentFactory="androidx.core.app.CoreComponentFactory"
41-->[androidx.core:core:1.15.0] AndroidManifest.xml:28:18-86
42        android:debuggable="true"
43        android:extractNativeLibs="false"
44        android:icon="@mipmap/ic_launcher"
44-->src\main\AndroidManifest.xml:28:9-43
45        android:label="@string/app_name"
45-->src\main\AndroidManifest.xml:29:9-41
46        android:roundIcon="@mipmap/ic_launcher_round"
46-->src\main\AndroidManifest.xml:30:9-54
47        android:supportsRtl="true"
47-->src\main\AndroidManifest.xml:31:9-35
48        android:testOnly="true"
49        android:theme="@style/AppTheme" >
49-->src\main\AndroidManifest.xml:32:9-40
50        <activity
50-->src\main\AndroidManifest.xml:34:9-47:20
51            android:name="com.safeguard.app.MainActivity"
51-->src\main\AndroidManifest.xml:36:13-41
52            android:configChanges="orientation|keyboardHidden|keyboard|screenSize|locale|smallestScreenSize|screenLayout|uiMode|navigation"
52-->src\main\AndroidManifest.xml:35:13-140
53            android:exported="true"
53-->src\main\AndroidManifest.xml:40:13-36
54            android:label="@string/title_activity_main"
54-->src\main\AndroidManifest.xml:37:13-56
55            android:launchMode="singleTask"
55-->src\main\AndroidManifest.xml:39:13-44
56            android:theme="@style/AppTheme.NoActionBarLaunch" >
56-->src\main\AndroidManifest.xml:38:13-62
57            <intent-filter>
57-->src\main\AndroidManifest.xml:42:13-45:29
58                <action android:name="android.intent.action.MAIN" />
58-->src\main\AndroidManifest.xml:43:17-69
58-->src\main\AndroidManifest.xml:43:25-66
59
60                <category android:name="android.intent.category.LAUNCHER" />
60-->src\main\AndroidManifest.xml:44:17-77
60-->src\main\AndroidManifest.xml:44:27-74
61            </intent-filter>
62        </activity>
63
64        <provider
65            android:name="androidx.core.content.FileProvider"
65-->src\main\AndroidManifest.xml:50:13-62
66            android:authorities="com.safeguard.app.fileprovider"
66-->src\main\AndroidManifest.xml:51:13-64
67            android:exported="false"
67-->src\main\AndroidManifest.xml:52:13-37
68            android:grantUriPermissions="true" >
68-->src\main\AndroidManifest.xml:53:13-47
69            <meta-data
69-->src\main\AndroidManifest.xml:54:13-56:64
70                android:name="android.support.FILE_PROVIDER_PATHS"
70-->src\main\AndroidManifest.xml:55:17-67
71                android:resource="@xml/file_paths" />
71-->src\main\AndroidManifest.xml:56:17-51
72        </provider>
73        <provider
73-->[androidx.emoji2:emoji2:1.3.0] AndroidManifest.xml:24:9-32:20
74            android:name="androidx.startup.InitializationProvider"
74-->[androidx.emoji2:emoji2:1.3.0] AndroidManifest.xml:25:13-67
75            android:authorities="com.safeguard.app.androidx-startup"
75-->[androidx.emoji2:emoji2:1.3.0] AndroidManifest.xml:26:13-68
76            android:exported="false" >
76-->[androidx.emoji2:emoji2:1.3.0] AndroidManifest.xml:27:13-37
77            <meta-data
77-->[androidx.emoji2:emoji2:1.3.0] AndroidManifest.xml:29:13-31:52
78                android:name="androidx.emoji2.text.EmojiCompatInitializer"
78-->[androidx.emoji2:emoji2:1.3.0] AndroidManifest.xml:30:17-75
79                android:value="androidx.startup" />
79-->[androidx.emoji2:emoji2:1.3.0] AndroidManifest.xml:31:17-49
80            <meta-data
80-->[androidx.lifecycle:lifecycle-process:2.6.2] AndroidManifest.xml:29:13-31:52
81                android:name="androidx.lifecycle.ProcessLifecycleInitializer"
81-->[androidx.lifecycle:lifecycle-process:2.6.2] AndroidManifest.xml:30:17-78
82                android:value="androidx.startup" />
82-->[androidx.lifecycle:lifecycle-process:2.6.2] AndroidManifest.xml:31:17-49
83            <meta-data
83-->[androidx.profileinstaller:profileinstaller:1.3.1] AndroidManifest.xml:29:13-31:52
84                android:name="androidx.profileinstaller.ProfileInstallerInitializer"
84-->[androidx.profileinstaller:profileinstaller:1.3.1] AndroidManifest.xml:30:17-85
85                android:value="androidx.startup" />
85-->[androidx.profileinstaller:profileinstaller:1.3.1] AndroidManifest.xml:31:17-49
86        </provider>
87
88        <receiver
88-->[androidx.profileinstaller:profileinstaller:1.3.1] AndroidManifest.xml:34:9-52:20
89            android:name="androidx.profileinstaller.ProfileInstallReceiver"
89-->[androidx.profileinstaller:profileinstaller:1.3.1] AndroidManifest.xml:35:13-76
90            android:directBootAware="false"
90-->[androidx.profileinstaller:profileinstaller:1.3.1] AndroidManifest.xml:36:13-44
91            android:enabled="true"
91-->[androidx.profileinstaller:profileinstaller:1.3.1] AndroidManifest.xml:37:13-35
92            android:exported="true"
92-->[androidx.profileinstaller:profileinstaller:1.3.1] AndroidManifest.xml:38:13-36
93            android:permission="android.permission.DUMP" >
93-->[androidx.profileinstaller:profileinstaller:1.3.1] AndroidManifest.xml:39:13-57
94            <intent-filter>
94-->[androidx.profileinstaller:profileinstaller:1.3.1] AndroidManifest.xml:40:13-42:29
95                <action android:name="androidx.profileinstaller.action.INSTALL_PROFILE" />
95-->[androidx.profileinstaller:profileinstaller:1.3.1] AndroidManifest.xml:41:17-91
95-->[androidx.profileinstaller:profileinstaller:1.3.1] AndroidManifest.xml:41:25-88
96            </intent-filter>
97            <intent-filter>
97-->[androidx.profileinstaller:profileinstaller:1.3.1] AndroidManifest.xml:43:13-45:29
98                <action android:name="androidx.profileinstaller.action.SKIP_FILE" />
98-->[androidx.profileinstaller:profileinstaller:1.3.1] AndroidManifest.xml:44:17-85
98-->[androidx.profileinstaller:profileinstaller:1.3.1] AndroidManifest.xml:44:25-82
99            </intent-filter>
100            <intent-filter>
100-->[androidx.profileinstaller:profileinstaller:1.3.1] AndroidManifest.xml:46:13-48:29
101                <action android:name="androidx.profileinstaller.action.SAVE_PROFILE" />
101-->[androidx.profileinstaller:profileinstaller:1.3.1] AndroidManifest.xml:47:17-88
101-->[androidx.profileinstaller:profileinstaller:1.3.1] AndroidManifest.xml:47:25-85
102            </intent-filter>
103            <intent-filter>
103-->[androidx.profileinstaller:profileinstaller:1.3.1] AndroidManifest.xml:49:13-51:29
104                <action android:name="androidx.profileinstaller.action.BENCHMARK_OPERATION" />
104-->[androidx.profileinstaller:profileinstaller:1.3.1] AndroidManifest.xml:50:17-95
104-->[androidx.profileinstaller:profileinstaller:1.3.1] AndroidManifest.xml:50:25-92
105            </intent-filter>
106        </receiver>
107    </application>
108
109</manifest>